training image
/home/npinto/datasets/connectomics/isbi2012/pngs/train-volume.tif-00.png
validation image
/home/npinto/datasets/connectomics/isbi2012/pngs/train-volume.tif-01.png
testing image
/home/npinto/datasets/connectomics/isbi2012/pngs/train-volume.tif-29.png
>>> Layer 1: nf=32, fsize=5, psize=2
>>> Layer 2: nf=32, fsize=5, psize=2
>>> Layer 3: nf=32, fsize=5, psize=2
>>> Footprint: 36
BAGGING ITERATION 1
gaussian_sigma: 0.256357459635
>>> X.shape: (512, 512)
>>> X.shape: (1, 1, 512, 512)
>>> Y_true.shape: (512, 512)
>>> Y_true.shape: (1, 1, 512, 512)
>>> Compiling theano functions...
f...
df...
RUNNING THE L-BFGS-B CODE

           * * *

Machine precision = 2.220D-16
 N =        52033     M =         1000
 This problem is unconstrained.

At X0         0 variables are exactly at the bounds
.
================================================================================
#calls: 0
elapsed: 2.90800213814
fb norms: [1.0000002, 1.000002, 1.000002]
W norm: 0.0
grad norms: [0.0, 0.0, 0.0, 0.16070685]
--------------------------------------------------------------------------------
trn_shape: (61, 61)
================================================================================

At iterate    0    f=  2.25000D-02    |proj g|=  1.60683D-01
..........
================================================================================
#calls: 10
elapsed: 6.70614314079
fb norms: [1.0005975, 1.0008985, 1.0009066]
W norm: 0.338383
grad norms: [0.0026714045, 0.011075517, 0.0096449433, 0.045695942]
--------------------------------------------------------------------------------
trn_shape: (61, 61)
trn_pe: 0.405063719993
tst_shape: (61, 61)
tst_pe: 0.355986360159
================================================================================
....
At iterate   10    f=  1.70297D-02    |proj g|=  5.82725D-02
......
================================================================================
#calls: 20
elapsed: 10.5648450851
fb norms: [1.0029517, 1.0079123, 1.0079895]
W norm: 1.32439
grad norms: [0.027356135, 0.065411307, 0.064039454, 0.039161023]
--------------------------------------------------------------------------------
trn_shape: (61, 61)
trn_pe: 0.420192684317
tst_shape: (61, 61)
tst_pe: 0.372200230882
================================================================================
........
           * * *

Tit   = total number of iterations
Tnf   = total number of function evaluations
Tnint = total number of segments explored during Cauchy searches
Skip  = number of BFGS updates skipped
Nact  = number of active bounds at final generalized Cauchy point
Projg = norm of the final projected gradient
F     = final function value

           * * *

   N   Tit  Tnf  Tnint  Skip  Nact     Projg        F
52033   19   29      1     0     0   0.000D+00   1.130D-02
  F =  1.13039147108793259E-002

CONVERGENCE: NORM OF PROJECTED GRADIENT <= PGTOL            

 Cauchy                time 9.995E-04 seconds.
 Subspace minimization time 1.480E-01 seconds.
 Line search           time 1.041E+01 seconds.

 Total User time 1.308E+01 seconds.

tst_Y.shape: (512, 512)
********************************************************************************


FINAL TST_PE: 0.422712450542


********************************************************************************
FOLLOW AVG !!!!!
BAGGING ITERATION 2
gaussian_sigma: 0.349133742938
>>> X.shape: (512, 512)
>>> X.shape: (1, 1, 512, 512)
>>> Y_true.shape: (512, 512)
>>> Y_true.shape: (1, 1, 512, 512)
RUNNING THE L-BFGS-B CODE

           * * *

Machine precision = 2.220D-16
 N =        52033     M =         1000
 This problem is unconstrained.

At X0         0 variables are exactly at the bounds
.
================================================================================
#calls: 0
elapsed: 0.828655958176
fb norms: [1.0000001, 1.0000002, 0.99999976]
W norm: 1.0
grad norms: [0.016262764, 0.039937343, 0.052722573, 0.041684099]
--------------------------------------------------------------------------------
trn_shape: (61, 61)
trn_pe: 0.499921645965
tst_shape: (61, 61)
tst_pe: 0.434858675138
================================================================================

At iterate    0    f=  1.16700D-02    |proj g|=  4.14325D-02
..........
================================================================================
#calls: 10
elapsed: 4.67604994774
fb norms: [1.0157506, 1.0195045, 1.0239092]
W norm: 1.01566
grad norms: [0.002536109, 0.0068292152, 0.014427175, 0.0011090415]
--------------------------------------------------------------------------------
trn_shape: (61, 61)
trn_pe: 0.607758357721
tst_shape: (61, 61)
tst_pe: 0.537644668308
================================================================================
...
At iterate   10    f=  8.24483D-03    |proj g|=  1.30801D-03
.......
================================================================================
#calls: 20
elapsed: 8.61685395241
fb norms: [1.0356635, 1.0614048, 1.1231128]
W norm: 1.02849
grad norms: [0.0016047407, 0.0042408057, 0.00657679, 0.001022401]
--------------------------------------------------------------------------------
trn_shape: (61, 61)
trn_pe: 0.683688324059
tst_shape: (61, 61)
tst_pe: 0.605056488336
================================================================================
...
At iterate   20    f=  7.14886D-03    |proj g|=  1.17407D-03
.......
================================================================================
#calls: 30
elapsed: 12.6446428299
fb norms: [1.0597992, 1.126745, 1.2715889]
W norm: 1.04387
grad norms: [0.0028711772, 0.0062828455, 0.010198074, 0.0033463731]
--------------------------------------------------------------------------------
trn_shape: (61, 61)
trn_pe: 0.726009746356
tst_shape: (61, 61)
tst_pe: 0.624894486586
================================================================================
...
At iterate   30    f=  6.26300D-03    |proj g|=  4.50120D-03
.......
================================================================================
#calls: 40
elapsed: 16.8538258076
fb norms: [1.1036077, 1.2787592, 1.5848665]
W norm: 1.06977
grad norms: [0.0027006089, 0.010417694, 0.010030011, 0.0025664889]
--------------------------------------------------------------------------------
trn_shape: (61, 61)
trn_pe: 0.766995268781
tst_shape: (61, 61)
tst_pe: 0.62870279266
================================================================================
...
At iterate   40    f=  5.15692D-03    |proj g|=  6.87512D-04
.......
================================================================================
#calls: 50
elapsed: 21.083991766
fb norms: [1.1415907, 1.4135377, 1.8330643]
W norm: 1.09321
grad norms: [0.0037564938, 0.0084891543, 0.0084014311, 0.0015060469]
--------------------------------------------------------------------------------
trn_shape: (61, 61)
trn_pe: 0.789065711221
tst_shape: (61, 61)
tst_pe: 0.636404592154
================================================================================
..
           * * *

Tit   = total number of iterations
Tnf   = total number of function evaluations
Tnint = total number of segments explored during Cauchy searches
Skip  = number of BFGS updates skipped
Nact  = number of active bounds at final generalized Cauchy point
Projg = norm of the final projected gradient
F     = final function value

           * * *

   N   Tit  Tnf  Tnint  Skip  Nact     Projg        F
52033   49   53      1     0     0   0.000D+00   4.023D-03
  F =  4.02311421930789948E-003

CONVERGENCE: NORM OF PROJECTED GRADIENT <= PGTOL            

 Cauchy                time 0.000E+00 seconds.
 Subspace minimization time 8.809E-01 seconds.
 Line search           time 1.954E+01 seconds.

 Total User time 2.112E+01 seconds.

lr: 0.5
tst_Y.shape: (512, 512)
********************************************************************************


FINAL TST_PE: 0.625112444868


********************************************************************************
FOLLOW AVG !!!!!
BAGGING ITERATION 3
gaussian_sigma: 0.992276658881
>>> X.shape: (512, 512)
>>> X.shape: (1, 1, 512, 512)
>>> Y_true.shape: (512, 512)
>>> Y_true.shape: (1, 1, 512, 512)
RUNNING THE L-BFGS-B CODE

           * * *

Machine precision = 2.220D-16
 N =        52033     M =         1000
 This problem is unconstrained.

At X0         0 variables are exactly at the bounds
.
================================================================================
#calls: 0
elapsed: 0.812294006348
fb norms: [0.99999946, 0.99999887, 1.0000017]
W norm: 1.0
grad norms: [0.014018393, 0.040689643, 0.070450701, 0.03343359]
--------------------------------------------------------------------------------
trn_shape: (61, 61)
trn_pe: 0.607419921667
tst_shape: (61, 61)
tst_pe: 0.604893475455
================================================================================

At iterate    0    f=  1.10961D-02    |proj g|=  3.03304D-02
..........
================================================================================
#calls: 10
elapsed: 4.70874190331
fb norms: [1.0177232, 1.0231205, 1.02801]
W norm: 1.01807
grad norms: [0.0037997819, 0.014636804, 0.023042269, 0.0093752155]
--------------------------------------------------------------------------------
trn_shape: (61, 61)
trn_pe: 0.68385133024
tst_shape: (61, 61)
tst_pe: 0.609773854578
================================================================================
..
At iterate   10    f=  8.08922D-03    |proj g|=  5.93545D-04
........
================================================================================
#calls: 20
elapsed: 8.67528700829
fb norms: [1.032926, 1.0544494, 1.0763888]
W norm: 1.03334
grad norms: [0.0021154482, 0.0057183583, 0.0073254188, 0.0017664514]
--------------------------------------------------------------------------------
trn_shape: (61, 61)
trn_pe: 0.727646601371
tst_shape: (61, 61)
tst_pe: 0.619285085272
================================================================================
..
At iterate   20    f=  7.05877D-03    |proj g|=  3.01367D-03
........
================================================================================
#calls: 30
elapsed: 12.728219986
fb norms: [1.0832329, 1.1598223, 1.2668592]
W norm: 1.07384
grad norms: [0.002156859, 0.0052432837, 0.0082445135, 0.0017573665]
--------------------------------------------------------------------------------
trn_shape: (61, 61)
trn_pe: 0.746418221201
tst_shape: (61, 61)
tst_pe: 0.614106671378
================================================================================
..
At iterate   30    f=  6.14184D-03    |proj g|=  2.49134D-03
........
================================================================================
#calls: 40
elapsed: 16.8397169113
fb norms: [1.1293762, 1.2651839, 1.4658645]
W norm: 1.10986
grad norms: [0.001954617, 0.0058785905, 0.0081764739, 0.0014193887]
--------------------------------------------------------------------------------
trn_shape: (61, 61)
trn_pe: 0.767506529951
tst_shape: (61, 61)
tst_pe: 0.591654689889
================================================================================
...
At iterate   40    f=  5.27357D-03    |proj g|=  1.58362D-03
.......
================================================================================
#calls: 50
elapsed: 21.0784800053
fb norms: [1.1859329, 1.4030615, 1.7297388]
W norm: 1.1553
grad norms: [0.004341119, 0.012748467, 0.014981055, 0.004876079]
--------------------------------------------------------------------------------
trn_shape: (61, 61)
trn_pe: 0.790251881955
tst_shape: (61, 61)
tst_pe: 0.610410833577
================================================================================
...
At iterate   50    f=  3.82415D-03    |proj g|=  0.00000D+00

           * * *

Tit   = total number of iterations
Tnf   = total number of function evaluations
Tnint = total number of segments explored during Cauchy searches
Skip  = number of BFGS updates skipped
Nact  = number of active bounds at final generalized Cauchy point
Projg = norm of the final projected gradient
F     = final function value

           * * *

   N   Tit  Tnf  Tnint  Skip  Nact     Projg        F
52033   50   54      1     0     0   0.000D+00   3.824D-03
  F =  3.82415391504764557E-003

CONVERGENCE: NORM OF PROJECTED GRADIENT <= PGTOL            

 Cauchy                time 0.000E+00 seconds.
 Subspace minimization time 9.609E-01 seconds.
 Line search           time 1.989E+01 seconds.

 Total User time 2.156E+01 seconds.

lr: 0.333333333333
tst_Y.shape: (512, 512)
********************************************************************************


FINAL TST_PE: 0.651012123436


********************************************************************************
FOLLOW AVG !!!!!
BAGGING ITERATION 4
gaussian_sigma: 0.636465334374
>>> X.shape: (512, 512)
>>> X.shape: (1, 1, 512, 512)
>>> Y_true.shape: (512, 512)
>>> Y_true.shape: (1, 1, 512, 512)
RUNNING THE L-BFGS-B CODE

           * * *

Machine precision = 2.220D-16
 N =        52033     M =         1000
 This problem is unconstrained.

At X0         0 variables are exactly at the bounds
.
================================================================================
#calls: 0
elapsed: 0.821085929871
fb norms: [0.99999988, 1.0000026, 1.0000014]
W norm: 1.0
grad norms: [0.026309045, 0.080001399, 0.1006428, 0.021210674]
--------------------------------------------------------------------------------
trn_shape: (61, 61)
trn_pe: 0.639672547151
tst_shape: (61, 61)
tst_pe: 0.638340822993
================================================================================

At iterate    0    f=  1.05468D-02    |proj g|=  1.33729D-02
..........
================================================================================
#calls: 10
elapsed: 4.67790794373
fb norms: [1.0175993, 1.0203259, 1.0221932]
W norm: 1.01764
grad norms: [0.0019240084, 0.0076219472, 0.010175564, 0.0017803012]
--------------------------------------------------------------------------------
trn_shape: (61, 61)
trn_pe: 0.730190432326
tst_shape: (61, 61)
tst_pe: 0.653062307327
================================================================================
..
At iterate   10    f=  6.84261D-03    |proj g|=  6.62173D-04
........
================================================================================
#calls: 20
elapsed: 8.6419301033
fb norms: [1.074432, 1.1028752, 1.1580734]
W norm: 1.07002
grad norms: [0.0028332788, 0.0083606625, 0.013934378, 0.002603651]
--------------------------------------------------------------------------------
trn_shape: (61, 61)
trn_pe: 0.766789560958
tst_shape: (61, 61)
tst_pe: 0.650628623977
================================================================================
..
At iterate   20    f=  5.30827D-03    |proj g|=  1.63340D-03
........
================================================================================
#calls: 30
elapsed: 12.7127530575
fb norms: [1.1370435, 1.2085714, 1.3650206]
W norm: 1.123
grad norms: [0.0028214122, 0.014407685, 0.026835773, 0.0062118508]
--------------------------------------------------------------------------------
trn_shape: (61, 61)
trn_pe: 0.802758729349
tst_shape: (61, 61)
tst_pe: 0.64283409232
================================================================================
...